<?xml version="1.0" encoding="UTF-8"?>
<!-- Generated by org.testng.reporters.JUnitXMLReporter -->
<testsuite ignored="0" hostname="DESKTOP-MCGUDGQ" failures="0" tests="3" name="Test" time="0.76" errors="0" timestamp="2023-08-25T19:31:46 IST">
  <testcase classname="genericLibraries.BaseClass" name="@BeforeClass classConfiguration" time="0.054">
    <failure type="java.lang.NullPointerException" message="inStream parameter is null">
      <![CDATA[java.lang.NullPointerException: inStream parameter is null
at java.base/java.util.Objects.requireNonNull(Objects.java:233)
at java.base/java.util.Properties.load(Properties.java:407)
at genericLibraries.PropertiesUtility.propertiesInit(PropertiesUtility.java:23)
at genericLibraries.BaseClass.classConfiguration(BaseClass.java:52)
at java.base/java.util.ArrayList.forEach(ArrayList.java:1511)
... Removed 25 stack frames]]>
    </failure>
  </testcase> <!-- @BeforeClass classConfiguration -->
  <testcase classname="genericLibraries.BaseClass" name="@BeforeMethod methoConfigaration" time="0.0">
    <skipped/>
  </testcase> <!-- @BeforeMethod methoConfigaration -->
  <testcase classname="genericLibraries.BaseClass" name="@AfterMethod methodTeardown" time="0.0">
    <skipped/>
  </testcase> <!-- @AfterMethod methodTeardown -->
  <testcase classname="genericLibraries.BaseClass" name="@AfterClass classTeardown" time="0.0">
    <skipped/>
  </testcase> <!-- @AfterClass classTeardown -->
  <testcase classname="genericLibraries.BaseClass" name="@BeforeClass classConfiguration" time="0.019">
    <failure type="java.lang.NullPointerException" message="inStream parameter is null">
      <![CDATA[java.lang.NullPointerException: inStream parameter is null
at java.base/java.util.Objects.requireNonNull(Objects.java:233)
at java.base/java.util.Properties.load(Properties.java:407)
at genericLibraries.PropertiesUtility.propertiesInit(PropertiesUtility.java:23)
at genericLibraries.BaseClass.classConfiguration(BaseClass.java:52)
at java.base/java.util.ArrayList.forEach(ArrayList.java:1511)
... Removed 25 stack frames]]>
    </failure>
  </testcase> <!-- @BeforeClass classConfiguration -->
  <testcase classname="genericLibraries.BaseClass" name="@BeforeMethod methoConfigaration" time="0.0">
    <skipped/>
  </testcase> <!-- @BeforeMethod methoConfigaration -->
  <testcase classname="genericLibraries.BaseClass" name="@AfterMethod methodTeardown" time="0.0">
    <skipped/>
  </testcase> <!-- @AfterMethod methodTeardown -->
  <testcase classname="genericLibraries.BaseClass" name="@AfterClass classTeardown" time="0.0">
    <skipped/>
  </testcase> <!-- @AfterClass classTeardown -->
  <testcase classname="genericLibraries.BaseClass" name="@BeforeClass classConfiguration" time="0.043">
    <failure type="java.lang.NullPointerException" message="inStream parameter is null">
      <![CDATA[java.lang.NullPointerException: inStream parameter is null
at java.base/java.util.Objects.requireNonNull(Objects.java:233)
at java.base/java.util.Properties.load(Properties.java:407)
at genericLibraries.PropertiesUtility.propertiesInit(PropertiesUtility.java:23)
at genericLibraries.BaseClass.classConfiguration(BaseClass.java:52)
at java.base/java.util.ArrayList.forEach(ArrayList.java:1511)
... Removed 25 stack frames]]>
    </failure>
  </testcase> <!-- @BeforeClass classConfiguration -->
  <testcase classname="genericLibraries.BaseClass" name="@BeforeMethod methoConfigaration" time="0.0">
    <skipped/>
  </testcase> <!-- @BeforeMethod methoConfigaration -->
  <testcase classname="genericLibraries.BaseClass" name="@AfterMethod methodTeardown" time="0.0">
    <skipped/>
  </testcase> <!-- @AfterMethod methodTeardown -->
  <testcase classname="genericLibraries.BaseClass" name="@AfterClass classTeardown" time="0.0">
    <skipped/>
  </testcase> <!-- @AfterClass classTeardown -->
  <testcase classname="testScripts.register_shopper" name="create_account" time="0.0">
    <skipped/>
  </testcase> <!-- create_account -->
  <testcase classname="testScripts.AddAddressTest" name="addAddresstest" time="0.0">
    <skipped/>
  </testcase> <!-- addAddresstest -->
  <testcase classname="testScripts.addToCart" name="addToCartTest" time="0.0">
    <skipped/>
  </testcase> <!-- addToCartTest -->
</testsuite> <!-- Test -->
